# project  configured on Tue Oct  3 14:12:31 2017 by
# waf 1.9.2 (abi 99, python 2070df0 on cygwin)
# using /home/mike/ardupilot/modules/waf/waf-light configure --board sitl
#
----------------------------------------
Setting top to
/home/mike/ardupilot
----------------------------------------
Setting out to
/home/mike/ardupilot/build
----------------------------------------
Autoconfiguration
enabled
----------------------------------------
Setting board to
sitl
----------------------------------------
Checking for 'g++' (C++ compiler)
find program=['g++', 'c++'] paths=['/usr/local/bin', '/usr/bin', '/cygdrive/c/ProgramData/Oracle/Java/javapath', '/cygdrive/c/WINDOWS/system32', '/cygdrive/c/WINDOWS', '/cygdrive/c/WINDOWS/System32/Wbem', '/cygdrive/c/WINDOWS/System32/WindowsPowerShell/v1.0', '/cygdrive/c/Program Files (x86)/NVIDIA Corporation/PhysX/Common', '/cygdrive/c/Program Files (x86)/MAVProxy', '/cygdrive/c/Program Files (x86)/MAVProxy', '/cygdrive/c/Users/mike/AppData/Local/Microsoft/WindowsApps', '/cygdrive/c/Users/mike/AppData/Local/GitHubDesktop/bin', '/home/mike/ardupilot/Tools/autotest'] var='CXX' -> ['/usr/bin/g++']
['/usr/bin/g++', '-dM', '-E', '-']
out: #define __DBL_MIN_EXP__ (-1021)
#define __UINT_LEAST16_MAX__ 0xffff
#define __ATOMIC_ACQUIRE 2
#define __FLT_MIN__ 1.17549435082228750797e-38F
#define __GCC_IEC_559_COMPLEX 2
#define __UINT_LEAST8_TYPE__ unsigned char
#define __SIZEOF_FLOAT80__ 16
#define __INTMAX_C(c) c ## L
#define __CHAR_BIT__ 8
#define __UINT8_MAX__ 0xff
#define __WINT_MAX__ 0xffffffffU
#define __ORDER_LITTLE_ENDIAN__ 1234
#define __SIZE_MAX__ 0xffffffffffffffffUL
#define __WCHAR_MAX__ 0xffff
#define __GCC_HAVE_SYNC_COMPARE_AND_SWAP_1 1
#define __GCC_HAVE_SYNC_COMPARE_AND_SWAP_2 1
#define __GCC_HAVE_SYNC_COMPARE_AND_SWAP_4 1
#define __DBL_DENORM_MIN__ ((double)4.94065645841246544177e-324L)
#define __GCC_HAVE_SYNC_COMPARE_AND_SWAP_8 1
#define __GCC_ATOMIC_CHAR_LOCK_FREE 2
#define __GCC_IEC_559 2
#define __FLT_EVAL_METHOD__ 0
#define __unix__ 1
#define __GCC_ATOMIC_CHAR32_T_LOCK_FREE 2
#define __x86_64 1
#define __UINT_FAST64_MAX__ 0xffffffffffffffffUL
#define __SIG_ATOMIC_TYPE__ int
#define __DBL_MIN_10_EXP__ (-307)
#define __FINITE_MATH_ONLY__ 0
#define __GNUC_PATCHLEVEL__ 0
#define __UINT_FAST8_MAX__ 0xff
#define __has_include(STR) __has_include__(STR)
#define _stdcall __attribute__((__stdcall__))
#define __DEC64_MAX_EXP__ 385
#define __INT8_C(c) c
#define __UINT_LEAST64_MAX__ 0xffffffffffffffffUL
#define __SHRT_MAX__ 0x7fff
#define __LDBL_MAX__ 1.18973149535723176502e+4932L
#define __UINT_LEAST8_MAX__ 0xff
#define __GCC_ATOMIC_BOOL_LOCK_FREE 2
#define __UINTMAX_TYPE__ long unsigned int
#define __DEC32_EPSILON__ 1E-6DF
#define __unix 1
#define __UINT32_MAX__ 0xffffffffU
#define __LDBL_MAX_EXP__ 16384
#define __WINT_MIN__ 0U
#define __SCHAR_MAX__ 0x7f
#define __WCHAR_MIN__ 0
#define __INT64_C(c) c ## L
#define __DBL_DIG__ 15
#define __GCC_ATOMIC_POINTER_LOCK_FREE 2
#define __SIZEOF_INT__ 4
#define __SIZEOF_POINTER__ 8
#define __USER_LABEL_PREFIX__ 
#define __STDC_HOSTED__ 1
#define __LDBL_HAS_INFINITY__ 1
#define __FLT_EPSILON__ 1.19209289550781250000e-7F
#define __LDBL_MIN__ 3.36210314311209350626e-4932L
#define __STDC_UTF_16__ 1
#define __DEC32_MAX__ 9.999999E96DF
#define __INT32_MAX__ 0x7fffffff
#define __SIZEOF_LONG__ 8
#define __UINT16_C(c) c
#define __DECIMAL_DIG__ 21
#define __has_include_next(STR) __has_include_next__(STR)
#define __LDBL_HAS_QUIET_NAN__ 1
#define __GNUC__ 5
#define _cdecl __attribute__((__cdecl__))
#define __MMX__ 1
#define __FLT_HAS_DENORM__ 1
#define __SIZEOF_LONG_DOUBLE__ 16
#define __BIGGEST_ALIGNMENT__ 16
#define __DBL_MAX__ ((double)1.79769313486231570815e+308L)
#define _thiscall __attribute__((__thiscall__))
#define __INT_FAST32_MAX__ 0x7fffffffffffffffL
#define __DBL_HAS_INFINITY__ 1
#define __DEC32_MIN_EXP__ (-94)
#define __INT_FAST16_TYPE__ long int
#define _fastcall __attribute__((__fastcall__))
#define __LDBL_HAS_DENORM__ 1
#define __DEC128_MAX__ 9.999999999999999999999999999999999E6144DL
#define __INT_LEAST32_MAX__ 0x7fffffff
#define __DEC32_MIN__ 1E-95DF
#define __DBL_MAX_EXP__ 1024
#define __DEC128_EPSILON__ 1E-33DL
#define __SSE2_MATH__ 1
#define __ATOMIC_HLE_RELEASE 131072
#define __PTRDIFF_MAX__ 0x7fffffffffffffffL
#define __amd64 1
#define __ATOMIC_HLE_ACQUIRE 65536
#define __LONG_LONG_MAX__ 0x7fffffffffffffffLL
#define __SIZEOF_SIZE_T__ 8
#define __SIZEOF_WINT_T__ 4
#define __GXX_ABI_VERSION 1009
#define __FLT_MIN_EXP__ (-125)
#define __INT_FAST64_TYPE__ long int
#define __DBL_MIN__ ((double)2.22507385850720138309e-308L)
#define __LP64__ 1
#define __DECIMAL_BID_FORMAT__ 1
#define __GXX_TYPEINFO_EQUALITY_INLINE 0
#define __DEC128_MIN__ 1E-6143DL
#define __REGISTER_PREFIX__ 
#define __UINT16_MAX__ 0xffff
#define __DBL_HAS_DENORM__ 1
#define __cdecl __attribute__((__cdecl__))
#define __UINT8_TYPE__ unsigned char
#define __NO_INLINE__ 1
#define __FLT_MANT_DIG__ 24
#define __VERSION__ "5.4.0"
#define __UINT64_C(c) c ## UL
#define __GCC_ATOMIC_INT_LOCK_FREE 2
#define __FLOAT_WORD_ORDER__ __ORDER_LITTLE_ENDIAN__
#define __INT32_C(c) c
#define __DEC64_EPSILON__ 1E-15DD
#define __ORDER_PDP_ENDIAN__ 3412
#define __DEC128_MIN_EXP__ (-6142)
#define __INT_FAST32_TYPE__ long int
#define __UINT_LEAST16_TYPE__ short unsigned int
#define unix 1
#define __INT16_MAX__ 0x7fff
#define __SIZE_TYPE__ long unsigned int
#define __UINT64_MAX__ 0xffffffffffffffffUL
#define __INT8_TYPE__ signed char
#define __FLT_RADIX__ 2
#define __INT_LEAST16_TYPE__ short int
#define __LDBL_EPSILON__ 1.08420217248550443401e-19L
#define __UINTMAX_C(c) c ## UL
#define __SSE_MATH__ 1
#define __k8 1
#define __SEH__ 1
#define __SIG_ATOMIC_MAX__ 0x7fffffff
#define __GCC_ATOMIC_WCHAR_T_LOCK_FREE 2
#define __SIZEOF_PTRDIFF_T__ 8
#define __CYGWIN__ 1
#define __x86_64__ 1
#define __DEC32_SUBNORMAL_MIN__ 0.000001E-95DF
#define __INT_FAST16_MAX__ 0x7fffffffffffffffL
#define __UINT_FAST32_MAX__ 0xffffffffffffffffUL
#define __UINT_LEAST64_TYPE__ long unsigned int
#define __FLT_HAS_QUIET_NAN__ 1
#define __FLT_MAX_10_EXP__ 38
#define __LONG_MAX__ 0x7fffffffffffffffL
#define __DEC128_SUBNORMAL_MIN__ 0.000000000000000000000000000000001E-6143DL
#define __FLT_HAS_INFINITY__ 1
#define __UINT_FAST16_TYPE__ long unsigned int
#define __DEC64_MAX__ 9.999999999999999E384DD
#define __CHAR16_TYPE__ short unsigned int
#define __PRAGMA_REDEFINE_EXTNAME 1
#define __INT_LEAST16_MAX__ 0x7fff
#define __DEC64_MANT_DIG__ 16
#define __INT64_MAX__ 0x7fffffffffffffffL
#define __UINT_LEAST32_MAX__ 0xffffffffU
#define __GCC_ATOMIC_LONG_LOCK_FREE 2
#define __INT_LEAST64_TYPE__ long int
#define __INT16_TYPE__ short int
#define __INT_LEAST8_TYPE__ signed char
#define __STDC_VERSION__ 201112L
#define __DEC32_MAX_EXP__ 97
#define __INT_FAST8_MAX__ 0x7f
#define __INTPTR_MAX__ 0x7fffffffffffffffL
#define __GXX_MERGED_TYPEINFO_NAMES 0
#define __stdcall __attribute__((__stdcall__))
#define __SSE2__ 1
#define __LDBL_MANT_DIG__ 64
#define __DBL_HAS_QUIET_NAN__ 1
#define __SIG_ATOMIC_MIN__ (-__SIG_ATOMIC_MAX__ - 1)
#define __k8__ 1
#define __INTPTR_TYPE__ long int
#define __UINT16_TYPE__ short unsigned int
#define __WCHAR_TYPE__ short unsigned int
#define __SIZEOF_FLOAT__ 4
#define __pic__ 1
#define __UINTPTR_MAX__ 0xffffffffffffffffUL
#define __DEC64_MIN_EXP__ (-382)
#define __INT_FAST64_MAX__ 0x7fffffffffffffffL
#define __GCC_ATOMIC_TEST_AND_SET_TRUEVAL 1
#define __FLT_DIG__ 6
#define __UINT_FAST64_TYPE__ long unsigned int
#define __INT_MAX__ 0x7fffffff
#define __amd64__ 1
#define __code_model_medium__ 1
#define __INT64_TYPE__ long int
#define __FLT_MAX_EXP__ 128
#define __ORDER_BIG_ENDIAN__ 4321
#define __DBL_MANT_DIG__ 53
#define __SIZEOF_FLOAT128__ 16
#define __INT_LEAST64_MAX__ 0x7fffffffffffffffL
#define __GCC_ATOMIC_CHAR16_T_LOCK_FREE 2
#define __DEC64_MIN__ 1E-383DD
#define __WINT_TYPE__ unsigned int
#define __UINT_LEAST32_TYPE__ unsigned int
#define __SIZEOF_SHORT__ 2
#define __SSE__ 1
#define __LDBL_MIN_EXP__ (-16381)
#define __INT_LEAST8_MAX__ 0x7f
#define __SIZEOF_INT128__ 16
#define __LDBL_MAX_10_EXP__ 4932
#define __ATOMIC_RELAXED 0
#define __DBL_EPSILON__ ((double)2.22044604925031308085e-16L)
#define __thiscall __attribute__((__thiscall__))
#define _LP64 1
#define __UINT8_C(c) c
#define __INT_LEAST32_TYPE__ int
#define __SIZEOF_WCHAR_T__ 2
#define __UINT64_TYPE__ long unsigned int
#define __INT_FAST8_TYPE__ signed char
#define __fastcall __attribute__((__fastcall__))
#define __GNUC_STDC_INLINE__ 1
#define __DBL_DECIMAL_DIG__ 17
#define __STDC_UTF_32__ 1
#define __FXSR__ 1
#define __DEC_EVAL_METHOD__ 2
#define __UINT32_C(c) c ## U
#define __INTMAX_MAX__ 0x7fffffffffffffffL
#define __BYTE_ORDER__ __ORDER_LITTLE_ENDIAN__
#define __FLT_DENORM_MIN__ 1.40129846432481707092e-45F
#define __INT8_MAX__ 0x7f
#define __PIC__ 1
#define __UINT_FAST32_TYPE__ long unsigned int
#define __CHAR32_TYPE__ unsigned int
#define __FLT_MAX__ 3.40282346638528859812e+38F
#define __INT32_TYPE__ int
#define __SIZEOF_DOUBLE__ 8
#define __FLT_MIN_10_EXP__ (-37)
#define __INTMAX_TYPE__ long int
#define __DEC128_MAX_EXP__ 6145
#define __ATOMIC_CONSUME 1
#define __GNUC_MINOR__ 4
#define __UINTMAX_MAX__ 0xffffffffffffffffUL
#define __DEC32_MANT_DIG__ 7
#define __DBL_MAX_10_EXP__ 308
#define __LDBL_DENORM_MIN__ 3.64519953188247460253e-4951L
#define __INT16_C(c) c
#define __STDC__ 1
#define __PTRDIFF_TYPE__ long int
#define __ATOMIC_SEQ_CST 5
#define __UINT32_TYPE__ unsigned int
#define __UINTPTR_TYPE__ long unsigned int
#define __DEC64_SUBNORMAL_MIN__ 0.000000000000001E-383DD
#define __DEC128_MANT_DIG__ 34
#define __LDBL_MIN_10_EXP__ (-4931)
#define __SIZEOF_LONG_LONG__ 8
#define __GCC_ATOMIC_LLONG_LOCK_FREE 2
#define __LDBL_DIG__ 18
#define __FLT_DECIMAL_DIG__ 9
#define __UINT_FAST16_MAX__ 0xffffffffffffffffUL
#define __GCC_ATOMIC_SHORT_LOCK_FREE 2
#define __UINT_FAST8_TYPE__ unsigned char
#define __ATOMIC_ACQ_REL 4
#define __ATOMIC_RELEASE 3
#define __declspec(x) __attribute__((x))

find program=['ar'] paths=['/usr/local/bin', '/usr/bin', '/cygdrive/c/ProgramData/Oracle/Java/javapath', '/cygdrive/c/WINDOWS/system32', '/cygdrive/c/WINDOWS', '/cygdrive/c/WINDOWS/System32/Wbem', '/cygdrive/c/WINDOWS/System32/WindowsPowerShell/v1.0', '/cygdrive/c/Program Files (x86)/NVIDIA Corporation/PhysX/Common', '/cygdrive/c/Program Files (x86)/MAVProxy', '/cygdrive/c/Program Files (x86)/MAVProxy', '/cygdrive/c/Users/mike/AppData/Local/Microsoft/WindowsApps', '/cygdrive/c/Users/mike/AppData/Local/GitHubDesktop/bin', '/home/mike/ardupilot/Tools/autotest'] var='AR' -> ['/usr/bin/ar']
/usr/bin/g++
----------------------------------------
Checking for 'gcc' (C compiler)
find program=['gcc', 'cc'] paths=['/usr/local/bin', '/usr/bin', '/cygdrive/c/ProgramData/Oracle/Java/javapath', '/cygdrive/c/WINDOWS/system32', '/cygdrive/c/WINDOWS', '/cygdrive/c/WINDOWS/System32/Wbem', '/cygdrive/c/WINDOWS/System32/WindowsPowerShell/v1.0', '/cygdrive/c/Program Files (x86)/NVIDIA Corporation/PhysX/Common', '/cygdrive/c/Program Files (x86)/MAVProxy', '/cygdrive/c/Program Files (x86)/MAVProxy', '/cygdrive/c/Users/mike/AppData/Local/Microsoft/WindowsApps', '/cygdrive/c/Users/mike/AppData/Local/GitHubDesktop/bin', '/home/mike/ardupilot/Tools/autotest'] var='CC' -> ['/usr/bin/gcc']
['/usr/bin/gcc', '-dM', '-E', '-']
out: #define __DBL_MIN_EXP__ (-1021)
#define __UINT_LEAST16_MAX__ 0xffff
#define __ATOMIC_ACQUIRE 2
#define __FLT_MIN__ 1.17549435082228750797e-38F
#define __GCC_IEC_559_COMPLEX 2
#define __UINT_LEAST8_TYPE__ unsigned char
#define __SIZEOF_FLOAT80__ 16
#define __INTMAX_C(c) c ## L
#define __CHAR_BIT__ 8
#define __UINT8_MAX__ 0xff
#define __WINT_MAX__ 0xffffffffU
#define __ORDER_LITTLE_ENDIAN__ 1234
#define __SIZE_MAX__ 0xffffffffffffffffUL
#define __WCHAR_MAX__ 0xffff
#define __GCC_HAVE_SYNC_COMPARE_AND_SWAP_1 1
#define __GCC_HAVE_SYNC_COMPARE_AND_SWAP_2 1
#define __GCC_HAVE_SYNC_COMPARE_AND_SWAP_4 1
#define __DBL_DENORM_MIN__ ((double)4.94065645841246544177e-324L)
#define __GCC_HAVE_SYNC_COMPARE_AND_SWAP_8 1
#define __GCC_ATOMIC_CHAR_LOCK_FREE 2
#define __GCC_IEC_559 2
#define __FLT_EVAL_METHOD__ 0
#define __unix__ 1
#define __GCC_ATOMIC_CHAR32_T_LOCK_FREE 2
#define __x86_64 1
#define __UINT_FAST64_MAX__ 0xffffffffffffffffUL
#define __SIG_ATOMIC_TYPE__ int
#define __DBL_MIN_10_EXP__ (-307)
#define __FINITE_MATH_ONLY__ 0
#define __GNUC_PATCHLEVEL__ 0
#define __UINT_FAST8_MAX__ 0xff
#define __has_include(STR) __has_include__(STR)
#define _stdcall __attribute__((__stdcall__))
#define __DEC64_MAX_EXP__ 385
#define __INT8_C(c) c
#define __UINT_LEAST64_MAX__ 0xffffffffffffffffUL
#define __SHRT_MAX__ 0x7fff
#define __LDBL_MAX__ 1.18973149535723176502e+4932L
#define __UINT_LEAST8_MAX__ 0xff
#define __GCC_ATOMIC_BOOL_LOCK_FREE 2
#define __UINTMAX_TYPE__ long unsigned int
#define __DEC32_EPSILON__ 1E-6DF
#define __unix 1
#define __UINT32_MAX__ 0xffffffffU
#define __LDBL_MAX_EXP__ 16384
#define __WINT_MIN__ 0U
#define __SCHAR_MAX__ 0x7f
#define __WCHAR_MIN__ 0
#define __INT64_C(c) c ## L
#define __DBL_DIG__ 15
#define __GCC_ATOMIC_POINTER_LOCK_FREE 2
#define __SIZEOF_INT__ 4
#define __SIZEOF_POINTER__ 8
#define __USER_LABEL_PREFIX__ 
#define __STDC_HOSTED__ 1
#define __LDBL_HAS_INFINITY__ 1
#define __FLT_EPSILON__ 1.19209289550781250000e-7F
#define __LDBL_MIN__ 3.36210314311209350626e-4932L
#define __STDC_UTF_16__ 1
#define __DEC32_MAX__ 9.999999E96DF
#define __INT32_MAX__ 0x7fffffff
#define __SIZEOF_LONG__ 8
#define __UINT16_C(c) c
#define __DECIMAL_DIG__ 21
#define __has_include_next(STR) __has_include_next__(STR)
#define __LDBL_HAS_QUIET_NAN__ 1
#define __GNUC__ 5
#define _cdecl __attribute__((__cdecl__))
#define __MMX__ 1
#define __FLT_HAS_DENORM__ 1
#define __SIZEOF_LONG_DOUBLE__ 16
#define __BIGGEST_ALIGNMENT__ 16
#define __DBL_MAX__ ((double)1.79769313486231570815e+308L)
#define _thiscall __attribute__((__thiscall__))
#define __INT_FAST32_MAX__ 0x7fffffffffffffffL
#define __DBL_HAS_INFINITY__ 1
#define __DEC32_MIN_EXP__ (-94)
#define __INT_FAST16_TYPE__ long int
#define _fastcall __attribute__((__fastcall__))
#define __LDBL_HAS_DENORM__ 1
#define __DEC128_MAX__ 9.999999999999999999999999999999999E6144DL
#define __INT_LEAST32_MAX__ 0x7fffffff
#define __DEC32_MIN__ 1E-95DF
#define __DBL_MAX_EXP__ 1024
#define __DEC128_EPSILON__ 1E-33DL
#define __SSE2_MATH__ 1
#define __ATOMIC_HLE_RELEASE 131072
#define __PTRDIFF_MAX__ 0x7fffffffffffffffL
#define __amd64 1
#define __ATOMIC_HLE_ACQUIRE 65536
#define __LONG_LONG_MAX__ 0x7fffffffffffffffLL
#define __SIZEOF_SIZE_T__ 8
#define __SIZEOF_WINT_T__ 4
#define __GXX_ABI_VERSION 1009
#define __FLT_MIN_EXP__ (-125)
#define __INT_FAST64_TYPE__ long int
#define __DBL_MIN__ ((double)2.22507385850720138309e-308L)
#define __LP64__ 1
#define __DECIMAL_BID_FORMAT__ 1
#define __GXX_TYPEINFO_EQUALITY_INLINE 0
#define __DEC128_MIN__ 1E-6143DL
#define __REGISTER_PREFIX__ 
#define __UINT16_MAX__ 0xffff
#define __DBL_HAS_DENORM__ 1
#define __cdecl __attribute__((__cdecl__))
#define __UINT8_TYPE__ unsigned char
#define __NO_INLINE__ 1
#define __FLT_MANT_DIG__ 24
#define __VERSION__ "5.4.0"
#define __UINT64_C(c) c ## UL
#define __GCC_ATOMIC_INT_LOCK_FREE 2
#define __FLOAT_WORD_ORDER__ __ORDER_LITTLE_ENDIAN__
#define __INT32_C(c) c
#define __DEC64_EPSILON__ 1E-15DD
#define __ORDER_PDP_ENDIAN__ 3412
#define __DEC128_MIN_EXP__ (-6142)
#define __INT_FAST32_TYPE__ long int
#define __UINT_LEAST16_TYPE__ short unsigned int
#define unix 1
#define __INT16_MAX__ 0x7fff
#define __SIZE_TYPE__ long unsigned int
#define __UINT64_MAX__ 0xffffffffffffffffUL
#define __INT8_TYPE__ signed char
#define __FLT_RADIX__ 2
#define __INT_LEAST16_TYPE__ short int
#define __LDBL_EPSILON__ 1.08420217248550443401e-19L
#define __UINTMAX_C(c) c ## UL
#define __SSE_MATH__ 1
#define __k8 1
#define __SEH__ 1
#define __SIG_ATOMIC_MAX__ 0x7fffffff
#define __GCC_ATOMIC_WCHAR_T_LOCK_FREE 2
#define __SIZEOF_PTRDIFF_T__ 8
#define __CYGWIN__ 1
#define __x86_64__ 1
#define __DEC32_SUBNORMAL_MIN__ 0.000001E-95DF
#define __INT_FAST16_MAX__ 0x7fffffffffffffffL
#define __UINT_FAST32_MAX__ 0xffffffffffffffffUL
#define __UINT_LEAST64_TYPE__ long unsigned int
#define __FLT_HAS_QUIET_NAN__ 1
#define __FLT_MAX_10_EXP__ 38
#define __LONG_MAX__ 0x7fffffffffffffffL
#define __DEC128_SUBNORMAL_MIN__ 0.000000000000000000000000000000001E-6143DL
#define __FLT_HAS_INFINITY__ 1
#define __UINT_FAST16_TYPE__ long unsigned int
#define __DEC64_MAX__ 9.999999999999999E384DD
#define __CHAR16_TYPE__ short unsigned int
#define __PRAGMA_REDEFINE_EXTNAME 1
#define __INT_LEAST16_MAX__ 0x7fff
#define __DEC64_MANT_DIG__ 16
#define __INT64_MAX__ 0x7fffffffffffffffL
#define __UINT_LEAST32_MAX__ 0xffffffffU
#define __GCC_ATOMIC_LONG_LOCK_FREE 2
#define __INT_LEAST64_TYPE__ long int
#define __INT16_TYPE__ short int
#define __INT_LEAST8_TYPE__ signed char
#define __STDC_VERSION__ 201112L
#define __DEC32_MAX_EXP__ 97
#define __INT_FAST8_MAX__ 0x7f
#define __INTPTR_MAX__ 0x7fffffffffffffffL
#define __GXX_MERGED_TYPEINFO_NAMES 0
#define __stdcall __attribute__((__stdcall__))
#define __SSE2__ 1
#define __LDBL_MANT_DIG__ 64
#define __DBL_HAS_QUIET_NAN__ 1
#define __SIG_ATOMIC_MIN__ (-__SIG_ATOMIC_MAX__ - 1)
#define __k8__ 1
#define __INTPTR_TYPE__ long int
#define __UINT16_TYPE__ short unsigned int
#define __WCHAR_TYPE__ short unsigned int
#define __SIZEOF_FLOAT__ 4
#define __pic__ 1
#define __UINTPTR_MAX__ 0xffffffffffffffffUL
#define __DEC64_MIN_EXP__ (-382)
#define __INT_FAST64_MAX__ 0x7fffffffffffffffL
#define __GCC_ATOMIC_TEST_AND_SET_TRUEVAL 1
#define __FLT_DIG__ 6
#define __UINT_FAST64_TYPE__ long unsigned int
#define __INT_MAX__ 0x7fffffff
#define __amd64__ 1
#define __code_model_medium__ 1
#define __INT64_TYPE__ long int
#define __FLT_MAX_EXP__ 128
#define __ORDER_BIG_ENDIAN__ 4321
#define __DBL_MANT_DIG__ 53
#define __SIZEOF_FLOAT128__ 16
#define __INT_LEAST64_MAX__ 0x7fffffffffffffffL
#define __GCC_ATOMIC_CHAR16_T_LOCK_FREE 2
#define __DEC64_MIN__ 1E-383DD
#define __WINT_TYPE__ unsigned int
#define __UINT_LEAST32_TYPE__ unsigned int
#define __SIZEOF_SHORT__ 2
#define __SSE__ 1
#define __LDBL_MIN_EXP__ (-16381)
#define __INT_LEAST8_MAX__ 0x7f
#define __SIZEOF_INT128__ 16
#define __LDBL_MAX_10_EXP__ 4932
#define __ATOMIC_RELAXED 0
#define __DBL_EPSILON__ ((double)2.22044604925031308085e-16L)
#define __thiscall __attribute__((__thiscall__))
#define _LP64 1
#define __UINT8_C(c) c
#define __INT_LEAST32_TYPE__ int
#define __SIZEOF_WCHAR_T__ 2
#define __UINT64_TYPE__ long unsigned int
#define __INT_FAST8_TYPE__ signed char
#define __fastcall __attribute__((__fastcall__))
#define __GNUC_STDC_INLINE__ 1
#define __DBL_DECIMAL_DIG__ 17
#define __STDC_UTF_32__ 1
#define __FXSR__ 1
#define __DEC_EVAL_METHOD__ 2
#define __UINT32_C(c) c ## U
#define __INTMAX_MAX__ 0x7fffffffffffffffL
#define __BYTE_ORDER__ __ORDER_LITTLE_ENDIAN__
#define __FLT_DENORM_MIN__ 1.40129846432481707092e-45F
#define __INT8_MAX__ 0x7f
#define __PIC__ 1
#define __UINT_FAST32_TYPE__ long unsigned int
#define __CHAR32_TYPE__ unsigned int
#define __FLT_MAX__ 3.40282346638528859812e+38F
#define __INT32_TYPE__ int
#define __SIZEOF_DOUBLE__ 8
#define __FLT_MIN_10_EXP__ (-37)
#define __INTMAX_TYPE__ long int
#define __DEC128_MAX_EXP__ 6145
#define __ATOMIC_CONSUME 1
#define __GNUC_MINOR__ 4
#define __UINTMAX_MAX__ 0xffffffffffffffffUL
#define __DEC32_MANT_DIG__ 7
#define __DBL_MAX_10_EXP__ 308
#define __LDBL_DENORM_MIN__ 3.64519953188247460253e-4951L
#define __INT16_C(c) c
#define __STDC__ 1
#define __PTRDIFF_TYPE__ long int
#define __ATOMIC_SEQ_CST 5
#define __UINT32_TYPE__ unsigned int
#define __UINTPTR_TYPE__ long unsigned int
#define __DEC64_SUBNORMAL_MIN__ 0.000000000000001E-383DD
#define __DEC128_MANT_DIG__ 34
#define __LDBL_MIN_10_EXP__ (-4931)
#define __SIZEOF_LONG_LONG__ 8
#define __GCC_ATOMIC_LLONG_LOCK_FREE 2
#define __LDBL_DIG__ 18
#define __FLT_DECIMAL_DIG__ 9
#define __UINT_FAST16_MAX__ 0xffffffffffffffffUL
#define __GCC_ATOMIC_SHORT_LOCK_FREE 2
#define __UINT_FAST8_TYPE__ unsigned char
#define __ATOMIC_ACQ_REL 4
#define __ATOMIC_RELEASE 3
#define __declspec(x) __attribute__((x))

find program=['ar'] paths=['/usr/local/bin', '/usr/bin', '/cygdrive/c/ProgramData/Oracle/Java/javapath', '/cygdrive/c/WINDOWS/system32', '/cygdrive/c/WINDOWS', '/cygdrive/c/WINDOWS/System32/Wbem', '/cygdrive/c/WINDOWS/System32/WindowsPowerShell/v1.0', '/cygdrive/c/Program Files (x86)/NVIDIA Corporation/PhysX/Common', '/cygdrive/c/Program Files (x86)/MAVProxy', '/cygdrive/c/Program Files (x86)/MAVProxy', '/cygdrive/c/Users/mike/AppData/Local/Microsoft/WindowsApps', '/cygdrive/c/Users/mike/AppData/Local/GitHubDesktop/bin', '/home/mike/ardupilot/Tools/autotest'] var='AR' -> ['/usr/bin/ar']
/usr/bin/gcc
----------------------------------------
Checking for need to link with librt
==>

        #include <time.h>

        int main() {
            clock_gettime(CLOCK_REALTIME, NULL);
        }
<==
[1/2] Compiling [32mbuild/.conf_check_0de729d1fbc18d992f33a57810541be1/test.cpp[0m

['/usr/bin/g++', '-DWAF_BUILD=1', '-D__STDC_FORMAT_MACROS=1', '../../test.cpp', '-c', '-o/home/mike/ardupilot/build/.conf_check_0de729d1fbc18d992f33a57810541be1/testbuild/sitl/test.cpp.1.o']
[2/2] Linking [33mbuild/.conf_check_0de729d1fbc18d992f33a57810541be1/testbuild/sitl/testprog.exe[0m

['/usr/bin/g++', '-Wl,--enable-auto-import', '-Wl,--enable-auto-import', 'test.cpp.1.o', '-o/home/mike/ardupilot/build/.conf_check_0de729d1fbc18d992f33a57810541be1/testbuild/sitl/testprog.exe', '-Wl,-Bstatic', '-Wl,-Bdynamic']
not necessary
----------------------------------------
Checking for HAVE_CMATH_ISFINITE
==>

        #include <cmath>

        int main() {
          return std::isfinite(1.0f);
        }
<==
[1/2] Compiling [32mbuild/.conf_check_48b88de3e8b1fecb480ba322c04b25ae/test.cpp[0m

['/usr/bin/g++', '-std=gnu++11', '-fdata-sections', '-ffunction-sections', '-fno-exceptions', '-fsigned-char', '-Wall', '-Wextra', '-Wformat', '-Wshadow', '-Wpointer-arith', '-Wcast-align', '-Wundef', '-Wno-unused-parameter', '-Wno-missing-field-initializers', '-Wno-reorder', '-Wno-redundant-decls', '-Wno-unknown-pragmas', '-Werror=format-security', '-Werror=array-bounds', '-Werror=uninitialized', '-Werror=init-self', '-Werror=switch', '-Wfatal-errors', '-Werror=unused-but-set-variable', '-O3', '-DCONFIG_HAL_BOARD=HAL_BOARD_SITL', '-DCONFIG_HAL_BOARD_SUBTYPE=HAL_BOARD_SUBTYPE_NONE', '-DWAF_BUILD=1', '-D__STDC_FORMAT_MACROS=1', '../../test.cpp', '-c', '-o/home/mike/ardupilot/build/.conf_check_48b88de3e8b1fecb480ba322c04b25ae/testbuild/sitl/test.cpp.1.o']
[2/2] Linking [33mbuild/.conf_check_48b88de3e8b1fecb480ba322c04b25ae/testbuild/sitl/testprog.exe[0m

['/usr/bin/g++', '-Wl,--gc-sections', '-pthread', '-Wl,--enable-auto-import', '-Wl,--enable-auto-import', 'test.cpp.1.o', '-o/home/mike/ardupilot/build/.conf_check_48b88de3e8b1fecb480ba322c04b25ae/testbuild/sitl/testprog.exe', '-Wl,-Bstatic', '-Wl,-Bdynamic', '-lm', '-lwinmm']
yes
----------------------------------------
Checking for HAVE_CMATH_ISINF
==>

        #include <cmath>

        int main() {
          return std::isinf(1.0f);
        }
<==
[1/2] Compiling [32mbuild/.conf_check_196c1bb2c99e407c05c30c751d294a9b/test.cpp[0m

['/usr/bin/g++', '-std=gnu++11', '-fdata-sections', '-ffunction-sections', '-fno-exceptions', '-fsigned-char', '-Wall', '-Wextra', '-Wformat', '-Wshadow', '-Wpointer-arith', '-Wcast-align', '-Wundef', '-Wno-unused-parameter', '-Wno-missing-field-initializers', '-Wno-reorder', '-Wno-redundant-decls', '-Wno-unknown-pragmas', '-Werror=format-security', '-Werror=array-bounds', '-Werror=uninitialized', '-Werror=init-self', '-Werror=switch', '-Wfatal-errors', '-Werror=unused-but-set-variable', '-O3', '-DCONFIG_HAL_BOARD=HAL_BOARD_SITL', '-DCONFIG_HAL_BOARD_SUBTYPE=HAL_BOARD_SUBTYPE_NONE', '-DWAF_BUILD=1', '-D__STDC_FORMAT_MACROS=1', '-DHAVE_CMATH_ISFINITE=1', '../../test.cpp', '-c', '-o/home/mike/ardupilot/build/.conf_check_196c1bb2c99e407c05c30c751d294a9b/testbuild/sitl/test.cpp.1.o']
[2/2] Linking [33mbuild/.conf_check_196c1bb2c99e407c05c30c751d294a9b/testbuild/sitl/testprog.exe[0m

['/usr/bin/g++', '-Wl,--gc-sections', '-pthread', '-Wl,--enable-auto-import', '-Wl,--enable-auto-import', 'test.cpp.1.o', '-o/home/mike/ardupilot/build/.conf_check_196c1bb2c99e407c05c30c751d294a9b/testbuild/sitl/testprog.exe', '-Wl,-Bstatic', '-Wl,-Bdynamic', '-lm', '-lwinmm']
yes
----------------------------------------
Checking for HAVE_CMATH_ISNAN
==>

        #include <cmath>

        int main() {
          return std::isnan(1.0f);
        }
<==
[1/2] Compiling [32mbuild/.conf_check_c0066a2538ae11149efb9f9042b11056/test.cpp[0m

['/usr/bin/g++', '-std=gnu++11', '-fdata-sections', '-ffunction-sections', '-fno-exceptions', '-fsigned-char', '-Wall', '-Wextra', '-Wformat', '-Wshadow', '-Wpointer-arith', '-Wcast-align', '-Wundef', '-Wno-unused-parameter', '-Wno-missing-field-initializers', '-Wno-reorder', '-Wno-redundant-decls', '-Wno-unknown-pragmas', '-Werror=format-security', '-Werror=array-bounds', '-Werror=uninitialized', '-Werror=init-self', '-Werror=switch', '-Wfatal-errors', '-Werror=unused-but-set-variable', '-O3', '-DCONFIG_HAL_BOARD=HAL_BOARD_SITL', '-DCONFIG_HAL_BOARD_SUBTYPE=HAL_BOARD_SUBTYPE_NONE', '-DWAF_BUILD=1', '-D__STDC_FORMAT_MACROS=1', '-DHAVE_CMATH_ISFINITE=1', '-DHAVE_CMATH_ISINF=1', '../../test.cpp', '-c', '-o/home/mike/ardupilot/build/.conf_check_c0066a2538ae11149efb9f9042b11056/testbuild/sitl/test.cpp.1.o']
[2/2] Linking [33mbuild/.conf_check_c0066a2538ae11149efb9f9042b11056/testbuild/sitl/testprog.exe[0m

['/usr/bin/g++', '-Wl,--gc-sections', '-pthread', '-Wl,--enable-auto-import', '-Wl,--enable-auto-import', 'test.cpp.1.o', '-o/home/mike/ardupilot/build/.conf_check_c0066a2538ae11149efb9f9042b11056/testbuild/sitl/testprog.exe', '-Wl,-Bstatic', '-Wl,-Bdynamic', '-lm', '-lwinmm']
yes
----------------------------------------------
Checking for NEED_CMATH_ISFINITE_STD_NAMESPACE
==>

        #include <math.h>
        #include <cmath>

        using std::isfinite;

        int main() {
          return isfinite((double)1);
        }
<==
[1/2] Compiling [32mbuild/.conf_check_76bdc2194f761fc027397500dacb4295/test.cpp[0m

['/usr/bin/g++', '-std=gnu++11', '-fdata-sections', '-ffunction-sections', '-fno-exceptions', '-fsigned-char', '-Wall', '-Wextra', '-Wformat', '-Wshadow', '-Wpointer-arith', '-Wcast-align', '-Wundef', '-Wno-unused-parameter', '-Wno-missing-field-initializers', '-Wno-reorder', '-Wno-redundant-decls', '-Wno-unknown-pragmas', '-Werror=format-security', '-Werror=array-bounds', '-Werror=uninitialized', '-Werror=init-self', '-Werror=switch', '-Wfatal-errors', '-Werror=unused-but-set-variable', '-O3', '-DCONFIG_HAL_BOARD=HAL_BOARD_SITL', '-DCONFIG_HAL_BOARD_SUBTYPE=HAL_BOARD_SUBTYPE_NONE', '-DWAF_BUILD=1', '-D__STDC_FORMAT_MACROS=1', '-DHAVE_CMATH_ISFINITE=1', '-DHAVE_CMATH_ISINF=1', '-DHAVE_CMATH_ISNAN=1', '../../test.cpp', '-c', '-o/home/mike/ardupilot/build/.conf_check_76bdc2194f761fc027397500dacb4295/testbuild/sitl/test.cpp.1.o']
[2/2] Linking [33mbuild/.conf_check_76bdc2194f761fc027397500dacb4295/testbuild/sitl/testprog.exe[0m

['/usr/bin/g++', '-Wl,--gc-sections', '-pthread', '-Wl,--enable-auto-import', '-Wl,--enable-auto-import', 'test.cpp.1.o', '-o/home/mike/ardupilot/build/.conf_check_76bdc2194f761fc027397500dacb4295/testbuild/sitl/testprog.exe', '-Wl,-Bstatic', '-Wl,-Bdynamic', '-lm', '-lwinmm']
yes
----------------------------------------------
Checking for NEED_CMATH_ISINF_STD_NAMESPACE
==>

        #include <math.h>
        #include <cmath>

        using std::isinf;

        int main() {
          return isinf((double)1);
        }
<==
[1/2] Compiling [32mbuild/.conf_check_9da8138e2604ab0fb1431319dc8373ac/test.cpp[0m

['/usr/bin/g++', '-std=gnu++11', '-fdata-sections', '-ffunction-sections', '-fno-exceptions', '-fsigned-char', '-Wall', '-Wextra', '-Wformat', '-Wshadow', '-Wpointer-arith', '-Wcast-align', '-Wundef', '-Wno-unused-parameter', '-Wno-missing-field-initializers', '-Wno-reorder', '-Wno-redundant-decls', '-Wno-unknown-pragmas', '-Werror=format-security', '-Werror=array-bounds', '-Werror=uninitialized', '-Werror=init-self', '-Werror=switch', '-Wfatal-errors', '-Werror=unused-but-set-variable', '-O3', '-DCONFIG_HAL_BOARD=HAL_BOARD_SITL', '-DCONFIG_HAL_BOARD_SUBTYPE=HAL_BOARD_SUBTYPE_NONE', '-DWAF_BUILD=1', '-D__STDC_FORMAT_MACROS=1', '-DHAVE_CMATH_ISFINITE=1', '-DHAVE_CMATH_ISINF=1', '-DHAVE_CMATH_ISNAN=1', '-DNEED_CMATH_ISFINITE_STD_NAMESPACE=1', '../../test.cpp', '-c', '-o/home/mike/ardupilot/build/.conf_check_9da8138e2604ab0fb1431319dc8373ac/testbuild/sitl/test.cpp.1.o']
[2/2] Linking [33mbuild/.conf_check_9da8138e2604ab0fb1431319dc8373ac/testbuild/sitl/testprog.exe[0m

['/usr/bin/g++', '-Wl,--gc-sections', '-pthread', '-Wl,--enable-auto-import', '-Wl,--enable-auto-import', 'test.cpp.1.o', '-o/home/mike/ardupilot/build/.conf_check_9da8138e2604ab0fb1431319dc8373ac/testbuild/sitl/testprog.exe', '-Wl,-Bstatic', '-Wl,-Bdynamic', '-lm', '-lwinmm']
yes
----------------------------------------------
Checking for NEED_CMATH_ISNAN_STD_NAMESPACE
==>

        #include <math.h>
        #include <cmath>

        using std::isnan;

        int main() {
          return isnan((double)1);
        }
<==
[1/2] Compiling [32mbuild/.conf_check_1c77bdbab0c26a1ff9044aa8d758f00d/test.cpp[0m

['/usr/bin/g++', '-std=gnu++11', '-fdata-sections', '-ffunction-sections', '-fno-exceptions', '-fsigned-char', '-Wall', '-Wextra', '-Wformat', '-Wshadow', '-Wpointer-arith', '-Wcast-align', '-Wundef', '-Wno-unused-parameter', '-Wno-missing-field-initializers', '-Wno-reorder', '-Wno-redundant-decls', '-Wno-unknown-pragmas', '-Werror=format-security', '-Werror=array-bounds', '-Werror=uninitialized', '-Werror=init-self', '-Werror=switch', '-Wfatal-errors', '-Werror=unused-but-set-variable', '-O3', '-DCONFIG_HAL_BOARD=HAL_BOARD_SITL', '-DCONFIG_HAL_BOARD_SUBTYPE=HAL_BOARD_SUBTYPE_NONE', '-DWAF_BUILD=1', '-D__STDC_FORMAT_MACROS=1', '-DHAVE_CMATH_ISFINITE=1', '-DHAVE_CMATH_ISINF=1', '-DHAVE_CMATH_ISNAN=1', '-DNEED_CMATH_ISFINITE_STD_NAMESPACE=1', '-DNEED_CMATH_ISINF_STD_NAMESPACE=1', '../../test.cpp', '-c', '-o/home/mike/ardupilot/build/.conf_check_1c77bdbab0c26a1ff9044aa8d758f00d/testbuild/sitl/test.cpp.1.o']
[2/2] Linking [33mbuild/.conf_check_1c77bdbab0c26a1ff9044aa8d758f00d/testbuild/sitl/testprog.exe[0m

['/usr/bin/g++', '-Wl,--gc-sections', '-pthread', '-Wl,--enable-auto-import', '-Wl,--enable-auto-import', 'test.cpp.1.o', '-o/home/mike/ardupilot/build/.conf_check_1c77bdbab0c26a1ff9044aa8d758f00d/testbuild/sitl/testprog.exe', '-Wl,-Bstatic', '-Wl,-Bdynamic', '-lm', '-lwinmm']
yes
----------------------------------------------
Checking for header endian.h
==>
#include <endian.h>

int main(int argc, char **argv) {
	(void)argc; (void)argv;
	return 0;
}

<==
[1/2] Compiling [32mbuild/.conf_check_16b0ac13701d707e5303b7bb2404d9c2/test.cpp[0m

['/usr/bin/g++', '-std=gnu++11', '-fdata-sections', '-ffunction-sections', '-fno-exceptions', '-fsigned-char', '-Wall', '-Wextra', '-Wformat', '-Wshadow', '-Wpointer-arith', '-Wcast-align', '-Wundef', '-Wno-unused-parameter', '-Wno-missing-field-initializers', '-Wno-reorder', '-Wno-redundant-decls', '-Wno-unknown-pragmas', '-Werror=format-security', '-Werror=array-bounds', '-Werror=uninitialized', '-Werror=init-self', '-Werror=switch', '-Wfatal-errors', '-Werror=unused-but-set-variable', '-O3', '-DCONFIG_HAL_BOARD=HAL_BOARD_SITL', '-DCONFIG_HAL_BOARD_SUBTYPE=HAL_BOARD_SUBTYPE_NONE', '-DWAF_BUILD=1', '-D__STDC_FORMAT_MACROS=1', '-DHAVE_CMATH_ISFINITE=1', '-DHAVE_CMATH_ISINF=1', '-DHAVE_CMATH_ISNAN=1', '-DNEED_CMATH_ISFINITE_STD_NAMESPACE=1', '-DNEED_CMATH_ISINF_STD_NAMESPACE=1', '-DNEED_CMATH_ISNAN_STD_NAMESPACE=1', '../../test.cpp', '-c', '-o/home/mike/ardupilot/build/.conf_check_16b0ac13701d707e5303b7bb2404d9c2/testbuild/sitl/test.cpp.1.o']
[2/2] Linking [33mbuild/.conf_check_16b0ac13701d707e5303b7bb2404d9c2/testbuild/sitl/testprog.exe[0m

['/usr/bin/g++', '-Wl,--gc-sections', '-pthread', '-Wl,--enable-auto-import', '-Wl,--enable-auto-import', 'test.cpp.1.o', '-o/home/mike/ardupilot/build/.conf_check_16b0ac13701d707e5303b7bb2404d9c2/testbuild/sitl/testprog.exe', '-Wl,-Bstatic', '-Wl,-Bdynamic', '-lm', '-lwinmm']
yes
----------------------------------------------
Checking for header byteswap.h
==>
#include <byteswap.h>

int main(int argc, char **argv) {
	(void)argc; (void)argv;
	return 0;
}

<==
[1/2] Compiling [32mbuild/.conf_check_a1a667337e4d6309466299baec79db7f/test.cpp[0m

['/usr/bin/g++', '-std=gnu++11', '-fdata-sections', '-ffunction-sections', '-fno-exceptions', '-fsigned-char', '-Wall', '-Wextra', '-Wformat', '-Wshadow', '-Wpointer-arith', '-Wcast-align', '-Wundef', '-Wno-unused-parameter', '-Wno-missing-field-initializers', '-Wno-reorder', '-Wno-redundant-decls', '-Wno-unknown-pragmas', '-Werror=format-security', '-Werror=array-bounds', '-Werror=uninitialized', '-Werror=init-self', '-Werror=switch', '-Wfatal-errors', '-Werror=unused-but-set-variable', '-O3', '-DCONFIG_HAL_BOARD=HAL_BOARD_SITL', '-DCONFIG_HAL_BOARD_SUBTYPE=HAL_BOARD_SUBTYPE_NONE', '-DWAF_BUILD=1', '-D__STDC_FORMAT_MACROS=1', '-DHAVE_CMATH_ISFINITE=1', '-DHAVE_CMATH_ISINF=1', '-DHAVE_CMATH_ISNAN=1', '-DNEED_CMATH_ISFINITE_STD_NAMESPACE=1', '-DNEED_CMATH_ISINF_STD_NAMESPACE=1', '-DNEED_CMATH_ISNAN_STD_NAMESPACE=1', '-DHAVE_ENDIAN_H=1', '../../test.cpp', '-c', '-o/home/mike/ardupilot/build/.conf_check_a1a667337e4d6309466299baec79db7f/testbuild/sitl/test.cpp.1.o']
[2/2] Linking [33mbuild/.conf_check_a1a667337e4d6309466299baec79db7f/testbuild/sitl/testprog.exe[0m

['/usr/bin/g++', '-Wl,--gc-sections', '-pthread', '-Wl,--enable-auto-import', '-Wl,--enable-auto-import', 'test.cpp.1.o', '-o/home/mike/ardupilot/build/.conf_check_a1a667337e4d6309466299baec79db7f/testbuild/sitl/testprog.exe', '-Wl,-Bstatic', '-Wl,-Bdynamic', '-lm', '-lwinmm']
yes
----------------------------------------------
Checking for program 'python'
/usr/bin/python
find program=['python'] paths=['/usr/local/bin', '/usr/bin', '/cygdrive/c/ProgramData/Oracle/Java/javapath', '/cygdrive/c/WINDOWS/system32', '/cygdrive/c/WINDOWS', '/cygdrive/c/WINDOWS/System32/Wbem', '/cygdrive/c/WINDOWS/System32/WindowsPowerShell/v1.0', '/cygdrive/c/Program Files (x86)/NVIDIA Corporation/PhysX/Common', '/cygdrive/c/Program Files (x86)/MAVProxy', '/cygdrive/c/Program Files (x86)/MAVProxy', '/cygdrive/c/Users/mike/AppData/Local/Microsoft/WindowsApps', '/cygdrive/c/Users/mike/AppData/Local/GitHubDesktop/bin', '/home/mike/ardupilot/Tools/autotest'] var='PYTHON' -> ['/usr/bin/python']
['/usr/bin/python', '-c', 'import imp;print(imp.get_tag())']
err: Traceback (most recent call last):
  File "<string>", line 1, in <module>
AttributeError: 'module' object has no attribute 'get_tag'

['/usr/bin/python', '-c', 'import sys\nfor x in sys.version_info: print(str(x))']
out: 2
7
13
final
0

['/usr/bin/python', '-c', "from distutils.sysconfig import get_config_var, get_python_lib\n\nprint(repr(get_python_lib(standard_lib=0, prefix='/usr/local') or ''))"]
out: '/usr/local/lib/python2.7/site-packages'

'/usr/local/lib/python2.7/site-packages'

['/usr/bin/python', '-c', "from distutils.sysconfig import get_config_var, get_python_lib\n\nprint(repr(get_python_lib(plat_specific=1, standard_lib=0, prefix='/usr/local') or ''))"]
out: '/usr/local/lib/python2.7/site-packages'

'/usr/local/lib/python2.7/site-packages'

----------------------------------------------
Checking for python version >= 2.7.0
2.7.13
----------------------------------------------
Checking for program 'python'
/usr/bin/python
find program=['python'] paths=['/usr/local/bin', '/usr/bin', '/cygdrive/c/ProgramData/Oracle/Java/javapath', '/cygdrive/c/WINDOWS/system32', '/cygdrive/c/WINDOWS', '/cygdrive/c/WINDOWS/System32/Wbem', '/cygdrive/c/WINDOWS/System32/WindowsPowerShell/v1.0', '/cygdrive/c/Program Files (x86)/NVIDIA Corporation/PhysX/Common', '/cygdrive/c/Program Files (x86)/MAVProxy', '/cygdrive/c/Program Files (x86)/MAVProxy', '/cygdrive/c/Users/mike/AppData/Local/Microsoft/WindowsApps', '/cygdrive/c/Users/mike/AppData/Local/GitHubDesktop/bin', '/home/mike/ardupilot/Tools/autotest'] var='PYTHON' -> ['/usr/bin/python']
['/usr/bin/python', '-c', 'import imp;print(imp.get_tag())']
err: Traceback (most recent call last):
  File "<string>", line 1, in <module>
AttributeError: 'module' object has no attribute 'get_tag'

['/usr/bin/python', '-c', 'import sys\nfor x in sys.version_info: print(str(x))']
out: 2
7
13
final
0

----------------------------------------------
Checking for python version >= 2.7.0
2.7.13
----------------------------------------------
Source is git repository
yes
----------------------------------------------
Update submodules
yes
----------------------------------------------
Checking for program 'git'
/usr/bin/git
find program=['git'] paths=['/usr/local/bin', '/usr/bin', '/cygdrive/c/ProgramData/Oracle/Java/javapath', '/cygdrive/c/WINDOWS/system32', '/cygdrive/c/WINDOWS', '/cygdrive/c/WINDOWS/System32/Wbem', '/cygdrive/c/WINDOWS/System32/WindowsPowerShell/v1.0', '/cygdrive/c/Program Files (x86)/NVIDIA Corporation/PhysX/Common', '/cygdrive/c/Program Files (x86)/MAVProxy', '/cygdrive/c/Program Files (x86)/MAVProxy', '/cygdrive/c/Users/mike/AppData/Local/Microsoft/WindowsApps', '/cygdrive/c/Users/mike/AppData/Local/GitHubDesktop/bin', '/home/mike/ardupilot/Tools/autotest'] var='GIT' -> ['/usr/bin/git']
----------------------------------------------
Checking for program 'size'
/usr/bin/size
find program=['size'] paths=['/usr/local/bin', '/usr/bin', '/cygdrive/c/ProgramData/Oracle/Java/javapath', '/cygdrive/c/WINDOWS/system32', '/cygdrive/c/WINDOWS', '/cygdrive/c/WINDOWS/System32/Wbem', '/cygdrive/c/WINDOWS/System32/WindowsPowerShell/v1.0', '/cygdrive/c/Program Files (x86)/NVIDIA Corporation/PhysX/Common', '/cygdrive/c/Program Files (x86)/MAVProxy', '/cygdrive/c/Program Files (x86)/MAVProxy', '/cygdrive/c/Users/mike/AppData/Local/Microsoft/WindowsApps', '/cygdrive/c/Users/mike/AppData/Local/GitHubDesktop/bin', '/home/mike/ardupilot/Tools/autotest'] var='SIZE' -> ['/usr/bin/size']
----------------------------------------------
Benchmarks
disabled
----------------------------------------------
Unit tests
enabled
----------------------------------------------
Checking for program 'rsync'
/usr/bin/rsync
find program=['rsync'] paths=['/usr/local/bin', '/usr/bin', '/cygdrive/c/ProgramData/Oracle/Java/javapath', '/cygdrive/c/WINDOWS/system32', '/cygdrive/c/WINDOWS', '/cygdrive/c/WINDOWS/System32/Wbem', '/cygdrive/c/WINDOWS/System32/WindowsPowerShell/v1.0', '/cygdrive/c/Program Files (x86)/NVIDIA Corporation/PhysX/Common', '/cygdrive/c/Program Files (x86)/MAVProxy', '/cygdrive/c/Program Files (x86)/MAVProxy', '/cygdrive/c/Users/mike/AppData/Local/Microsoft/WindowsApps', '/cygdrive/c/Users/mike/AppData/Local/GitHubDesktop/bin', '/home/mike/ardupilot/Tools/autotest'] var='RSYNC' -> ['/usr/bin/rsync']
